dailyRecord/app/build/intermediates/manifest_merge_blame_file/debug/processDebugMainManifest/manifest-merger-blame-debug-report.txt
1<?xml version="1.0" encoding="utf-8"?>
2<manifest xmlns:android="http://schemas.android.com/apk/res/android"
3    package="com.dailyrecord.app"
4    android:versionCode="1"
5    android:versionName="0.1.0" >
6
7    <uses-sdk
8        android:minSdkVersion="26"
9        android:targetSdkVersion="35" />
10
11    <uses-permission android:name="android.permission.ACCESS_FINE_LOCATION" />
11-->src\main\AndroidManifest.xml:2:5-79
11-->src\main\AndroidManifest.xml:2:22-76
12    <uses-permission android:name="android.permission.ACCESS_COARSE_LOCATION" />
12-->src\main\AndroidManifest.xml:3:5-81
12-->src\main\AndroidManifest.xml:3:22-78
13    <uses-permission android:name="android.permission.ACCESS_BACKGROUND_LOCATION" />
13-->src\main\AndroidManifest.xml:4:5-85
13-->src\main\AndroidManifest.xml:4:22-82
14    <uses-permission android:name="android.permission.POST_NOTIFICATIONS" />
14-->src\main\AndroidManifest.xml:5:5-77
14-->src\main\AndroidManifest.xml:5:22-74
15    <uses-permission android:name="android.permission.RECEIVE_BOOT_COMPLETED" />
15-->src\main\AndroidManifest.xml:6:5-81
15-->src\main\AndroidManifest.xml:6:22-78
16    <uses-permission android:name="android.permission.FOREGROUND_SERVICE" />
16-->src\main\AndroidManifest.xml:7:5-77
16-->src\main\AndroidManifest.xml:7:22-74
17    <uses-permission android:name="android.permission.FOREGROUND_SERVICE_LOCATION" />
17-->src\main\AndroidManifest.xml:8:5-86
17-->src\main\AndroidManifest.xml:8:22-83
18
19    <application
19-->src\main\AndroidManifest.xml:9:5-17:19
20        android:allowBackup="false"
20-->src\main\AndroidManifest.xml:9:110-137
21        android:debuggable="true"
22        android:extractNativeLibs="false"
23        android:label="DailyRecord"
23-->src\main\AndroidManifest.xml:9:82-109
24        android:theme="@android:style/Theme.Material.Light.NoActionBar" >
24-->src\main\AndroidManifest.xml:9:18-81
25        <activity
25-->src\main\AndroidManifest.xml:10:9-12:20
26            android:name="com.dailyrecord.app.MainActivity"
26-->src\main\AndroidManifest.xml:10:19-47
27            android:exported="true" >
27-->src\main\AndroidManifest.xml:10:48-71
28            <intent-filter>
28-->src\main\AndroidManifest.xml:11:13-154
29                <action android:name="android.intent.action.MAIN" />
29-->src\main\AndroidManifest.xml:11:28-79
29-->src\main\AndroidManifest.xml:11:36-77
30
31                <category android:name="android.intent.category.LAUNCHER" />
31-->src\main\AndroidManifest.xml:11:79-138
31-->src\main\AndroidManifest.xml:11:89-136
32            </intent-filter>
33        </activity>
34
35        <service
35-->src\main\AndroidManifest.xml:13:9-117
36            android:name="com.dailyrecord.app.MonitorService"
36-->src\main\AndroidManifest.xml:13:18-48
37            android:exported="false"
37-->src\main\AndroidManifest.xml:13:49-73
38            android:foregroundServiceType="location" />
38-->src\main\AndroidManifest.xml:13:74-114
39
40        <receiver
40-->src\main\AndroidManifest.xml:14:9-16:20
41            android:name="com.dailyrecord.app.BootReceiver"
41-->src\main\AndroidManifest.xml:14:19-47
42            android:enabled="true"
42-->src\main\AndroidManifest.xml:14:48-70
43            android:exported="false" >
43-->src\main\AndroidManifest.xml:14:71-95
44            <intent-filter>
44-->src\main\AndroidManifest.xml:15:13-105
45                <action android:name="android.intent.action.BOOT_COMPLETED" />
45-->src\main\AndroidManifest.xml:15:28-89
45-->src\main\AndroidManifest.xml:15:36-87
46            </intent-filter>
47        </receiver>
48    </application>
49
50</manifest>